[1117/191200.998:ERROR:directory_reader_win.cc(43)] FindFirstFile: The system cannot find the path specified. (0x3)
[1118/081910.528:ERROR:directory_reader_win.cc(43)] FindFirstFile: The system cannot find the path specified. (0x3)
[1118/222425.246:ERROR:directory_reader_win.cc(43)] FindFirstFile: The system cannot find the path specified. (0x3)
[1119/085100.168:ERROR:directory_reader_win.cc(43)] FindFirstFile: The system cannot find the path specified. (0x3)
[1119/105910.712:ERROR:filesystem_win.cc(129)] GetFileAttributes C:\Users\Monda\AppData\Local\Google\Chrome\User Data\Crashpad\attachments\47a5bcd9-8983-4411-bc89-9f4957b48c79: The system cannot find the path specified. (0x3)
[1119/112257.810:ERROR:directory_reader_win.cc(43)] FindFirstFile: The system cannot find the path specified. (0x3)
[1119/225616.355:ERROR:directory_reader_win.cc(43)] FindFirstFile: The system cannot find the path specified. (0x3)
[1120/084329.811:ERROR:directory_reader_win.cc(43)] FindFirstFile: The system cannot find the path specified. (0x3)
[1120/205934.189:ERROR:process_memory_win.cc(73)] ReadMemory at 0x7ff6f4ad0000 of 64 bytes failed: Only part of a ReadProcessMemory or WriteProcessMemory request was completed. (0x12B)
[1120/205934.239:WARNING:pe_image_reader.cc(340)] could not read dos header from C:\Program Files (x86)\Google\Chrome\Application\chrome.exe
[1120/205934.239:ERROR:process_memory_win.cc(73)] ReadMemory at 0x7ffff0b80000 of 64 bytes failed: Only part of a ReadProcessMemory or WriteProcessMemory request was completed. (0x12B)
[1120/205934.239:WARNING:pe_image_reader.cc(340)] could not read dos header from C:\Windows\SYSTEM32\ntdll.dll
[1120/205934.239:ERROR:process_memory_win.cc(73)] ReadMemory at 0x7fffefa60000 of 64 bytes failed: Only part of a ReadProcessMemory or WriteProcessMemory request was completed. (0x12B)
[1120/205934.239:WARNING:pe_image_reader.cc(340)] could not read dos header from C:\Windows\System32\KERNEL32.DLL
[1120/205934.240:ERROR:process_memory_win.cc(73)] ReadMemory at 0x7fffedd80000 of 64 bytes failed: Only part of a ReadProcessMemory or WriteProcessMemory request was completed. (0x12B)
[1120/205934.240:WARNING:pe_image_reader.cc(340)] could not read dos header from C:\Windows\System32\KERNELBASE.dll
[1120/205934.240:ERROR:process_memory_win.cc(73)] ReadMemory at 0x7fffb9ff0000 of 64 bytes failed: Only part of a ReadProcessMemory or WriteProcessMemory request was completed. (0x12B)
[1120/205934.240:WARNING:pe_image_reader.cc(340)] could not read dos header from C:\Program Files (x86)\Google\Chrome\Application\86.0.4240.198\chrome_elf.dll
[1120/205934.241:ERROR:process_memory_win.cc(73)] ReadMemory at 0x7fffe7400000 of 64 bytes failed: Only part of a ReadProcessMemory or WriteProcessMemory request was completed. (0x12B)
[1120/205934.241:WARNING:pe_image_reader.cc(340)] could not read dos header from C:\Windows\SYSTEM32\VERSION.dll
[1120/205934.241:ERROR:process_memory_win.cc(73)] ReadMemory at 0x7fffef9c0000 of 64 bytes failed: Only part of a ReadProcessMemory or WriteProcessMemory request was completed. (0x12B)
[1120/205934.241:WARNING:pe_image_reader.cc(340)] could not read dos header from C:\Windows\System32\msvcrt.dll
[1120/205934.241:ERROR:process_memory_win.cc(73)] ReadMemory at 0x7fffeea10000 of 64 bytes failed: Only part of a ReadProcessMemory or WriteProcessMemory request was completed. (0x12B)
[1120/205934.242:WARNING:pe_image_reader.cc(340)] could not read dos header from C:\Windows\System32\bcryptPrimitives.dll
[1120/205934.242:ERROR:process_memory_win.cc(73)] ReadMemory at 0x7ffff03e0000 of 64 bytes failed: Only part of a ReadProcessMemory or WriteProcessMemory request was completed. (0x12B)
[1120/205934.242:WARNING:pe_image_reader.cc(340)] could not read dos header from C:\Windows\System32\ADVAPI32.dll
[1120/205934.242:ERROR:process_memory_win.cc(73)] ReadMemory at 0x7fffefe60000 of 64 bytes failed: Only part of a ReadProcessMemory or WriteProcessMemory request was completed. (0x12B)
[1120/205934.242:WARNING:pe_image_reader.cc(340)] could not read dos header from C:\Windows\System32\sechost.dll
[1120/205934.250:ERROR:process_memory_win.cc(73)] ReadMemory at 0x7ffff04d0000 of 64 bytes failed: Only part of a ReadProcessMemory or WriteProcessMemory request was completed. (0x12B)
[1120/205934.251:WARNING:pe_image_reader.cc(340)] could not read dos header from C:\Windows\System32\RPCRT4.dll
[1120/205934.252:ERROR:process_memory_win.cc(73)] ReadMemory at 0x7fff9a110000 of 64 bytes failed: Only part of a ReadProcessMemory or WriteProcessMemory request was completed. (0x12B)
[1120/205934.253:WARNING:pe_image_reader.cc(340)] could not read dos header from C:\Program Files (x86)\Google\Chrome\Application\86.0.4240.198\chrome.dll
[1120/205934.253:ERROR:process_memory_win.cc(73)] ReadMemory at 0x7ffff0940000 of 64 bytes failed: Only part of a ReadProcessMemory or WriteProcessMemory request was completed. (0x12B)
[1120/205934.253:WARNING:pe_image_reader.cc(340)] could not read dos header from C:\Windows\System32\WS2_32.dll
[1120/205934.253:ERROR:process_memory_win.cc(73)] ReadMemory at 0x7fffef3d0000 of 64 bytes failed: Only part of a ReadProcessMemory or WriteProcessMemory request was completed. (0x12B)
[1120/205934.253:WARNING:pe_image_reader.cc(340)] could not read dos header from C:\Windows\System32\OLEAUT32.dll
[1120/205934.253:ERROR:process_memory_win.cc(73)] ReadMemory at 0x7fffee080000 of 64 bytes failed: Only part of a ReadProcessMemory or WriteProcessMemory request was completed. (0x12B)
[1120/205934.254:WARNING:pe_image_reader.cc(340)] could not read dos header from C:\Windows\System32\msvcp_win.dll
[1120/205934.254:ERROR:process_memory_win.cc(73)] ReadMemory at 0x7fffedc80000 of 64 bytes failed: Only part of a ReadProcessMemory or WriteProcessMemory request was completed. (0x12B)
[1120/205934.254:WARNING:pe_image_reader.cc(340)] could not read dos header from C:\Windows\System32\ucrtbase.dll
[1120/205934.254:ERROR:process_memory_win.cc(73)] ReadMemory at 0x25c82d10000 of 64 bytes failed: Only part of a ReadProcessMemory or WriteProcessMemory request was completed. (0x12B)
[1120/205934.254:WARNING:pe_image_reader.cc(340)] could not read dos header from C:\Windows\System32\combase.dll
[1120/205934.254:ERROR:process_memory_win.cc(73)] ReadMemory at 0x7fffee9b0000 of 64 bytes failed: Only part of a ReadProcessMemory or WriteProcessMemory request was completed. (0x12B)
[1120/205934.254:WARNING:pe_image_reader.cc(340)] could not read dos header from C:\Windows\System32\WINTRUST.dll
[1120/205934.255:ERROR:process_memory_win.cc(73)] ReadMemory at 0x7fffeda60000 of 64 bytes failed: Only part of a ReadProcessMemory or WriteProcessMemory request was completed. (0x12B)
[1120/205934.255:WARNING:pe_image_reader.cc(340)] could not read dos header from C:\Windows\System32\MSASN1.dll
[1120/205934.255:ERROR:process_memory_win.cc(73)] ReadMemory at 0x7fffedb30000 of 64 bytes failed: Only part of a ReadProcessMemory or WriteProcessMemory request was completed. (0x12B)
[1120/205934.255:WARNING:pe_image_reader.cc(340)] could not read dos header from C:\Windows\System32\CRYPT32.dll
[1120/205934.255:ERROR:process_memory_win.cc(73)] ReadMemory at 0x7fffec350000 of 64 bytes failed: Only part of a ReadProcessMemory or WriteProcessMemory request was completed. (0x12B)
[1120/205934.255:WARNING:pe_image_reader.cc(340)] could not read dos header from C:\Windows\SYSTEM32\dbghelp.dll
[1120/205934.255:ERROR:process_memory_win.cc(73)] ReadMemory at 0x7fffecf40000 of 64 bytes failed: Only part of a ReadProcessMemory or WriteProcessMemory request was completed. (0x12B)
[1120/205934.255:WARNING:pe_image_reader.cc(340)] could not read dos header from C:\Windows\SYSTEM32\IPHLPAPI.DLL
[1120/205934.256:ERROR:process_memory_win.cc(73)] ReadMemory at 0x7fffeadd0000 of 64 bytes failed: Only part of a ReadProcessMemory or WriteProcessMemory request was completed. (0x12B)
[1120/205934.256:WARNING:pe_image_reader.cc(340)] could not read dos header from C:\Windows\SYSTEM32\WINMM.dll
[1120/205934.256:ERROR:process_memory_win.cc(73)] ReadMemory at 0x7fffd2cb0000 of 64 bytes failed: Only part of a ReadProcessMemory or WriteProcessMemory request was completed. (0x12B)
[1120/205934.275:WARNING:pe_image_reader.cc(340)] could not read dos header from C:\Windows\SYSTEM32\UIAutomationCore.DLL
[1120/205934.275:ERROR:process_memory_win.cc(73)] ReadMemory at 0x7fffda9a0000 of 64 bytes failed: Only part of a ReadProcessMemory or WriteProcessMemory request was completed. (0x12B)
[1120/205934.275:WARNING:pe_image_reader.cc(340)] could not read dos header from C:\Windows\SYSTEM32\Secur32.dll
[1120/205934.276:ERROR:process_memory_win.cc(73)] ReadMemory at 0x7fffed920000 of 64 bytes failed: Only part of a ReadProcessMemory or WriteProcessMemory request was completed. (0x12B)
[1120/205934.276:WARNING:pe_image_reader.cc(340)] could not read dos header from C:\Windows\SYSTEM32\USERENV.dll
[1120/205934.276:ERROR:process_memory_win.cc(73)] ReadMemory at 0x7fffeda80000 of 64 bytes failed: Only part of a ReadProcessMemory or WriteProcessMemory request was completed. (0x12B)
[1120/205934.276:WARNING:pe_image_reader.cc(340)] could not read dos header from C:\Windows\System32\profapi.dll
[1120/205934.276:ERROR:process_memory_win.cc(73)] ReadMemory at 0x7fffe1100000 of 64 bytes failed: Only part of a ReadProcessMemory or WriteProcessMemory request was completed. (0x12B)
[1120/205934.276:WARNING:pe_image_reader.cc(340)] could not read dos header from C:\Windows\SYSTEM32\DWrite.dll
[1120/205934.276:ERROR:process_memory_win.cc(73)] ReadMemory at 0x7fffc2360000 of 64 bytes failed: Only part of a ReadProcessMemory or WriteProcessMemory request was completed. (0x12B)
[1120/205934.276:WARNING:pe_image_reader.cc(340)] could not read dos header from C:\Windows\SYSTEM32\WINSPOOL.DRV
[1120/205934.277:ERROR:process_memory_win.cc(73)] ReadMemory at 0x7fffeda40000 of 64 bytes failed: Only part of a ReadProcessMemory or WriteProcessMemory request was completed. (0x12B)
[1120/205934.277:WARNING:pe_image_reader.cc(340)] could not read dos header from C:\Windows\System32\kernel.appcore.dll
[1120/205934.277:ERROR:process_memory_win.cc(73)] ReadMemory at 0x7fffedb00000 of 64 bytes failed: Only part of a ReadProcessMemory or WriteProcessMemory request was completed. (0x12B)
[1120/205934.277:WARNING:pe_image_reader.cc(340)] could not read dos header from C:\Windows\System32\bcrypt.dll
[1120/205934.277:ERROR:process_memory_win.cc(73)] ReadMemory at 0x7fffe00b0000 of 64 bytes failed: Only part of a ReadProcessMemory or WriteProcessMemory request was completed. (0x12B)
[1120/205934.277:WARNING:pe_image_reader.cc(340)] could not read dos header from C:\Windows\SYSTEM32\WINHTTP.dll
[1120/205934.277:ERROR:process_memory_win.cc(73)] ReadMemory at 0x7fffe7410000 of 64 bytes failed: Only part of a ReadProcessMemory or WriteProcessMemory request was completed. (0x12B)
[1120/205934.277:WARNING:pe_image_reader.cc(340)] could not read dos header from C:\Windows\SYSTEM32\dhcpcsvc.DLL
[1120/205934.277:ERROR:process_memory_win.cc(73)] ReadMemory at 0x7ffff05f0000 of 64 bytes failed: Only part of a ReadProcessMemory or WriteProcessMemory request was completed. (0x12B)
[1120/205934.277:WARNING:pe_image_reader.cc(340)] could not read dos header from C:\Windows\System32\NSI.dll
[1120/205934.278:ERROR:process_memory_win.cc(73)] ReadMemory at 0x7fffeada0000 of 64 bytes failed: Only part of a ReadProcessMemory or WriteProcessMemory request was completed. (0x12B)
[1120/205934.278:WARNING:pe_image_reader.cc(340)] could not read dos header from C:\Windows\SYSTEM32\WINMMBASE.dll
[1120/205934.278:ERROR:process_memory_win.cc(73)] ReadMemory at 0x7fffee030000 of 64 bytes failed: Only part of a ReadProcessMemory or WriteProcessMemory request was completed. (0x12B)
[1120/205934.278:WARNING:pe_image_reader.cc(340)] could not read dos header from C:\Windows\System32\cfgmgr32.dll
[1120/205934.278:ERROR:process_memory_win.cc(73)] ReadMemory at 0x7fffebdc0000 of 64 bytes failed: Only part of a ReadProcessMemory or WriteProcessMemory request was completed. (0x12B)
[1120/205934.278:WARNING:pe_image_reader.cc(340)] could not read dos header from C:\Windows\SYSTEM32\PROPSYS.dll
[1120/205934.278:ERROR:process_memory_win.cc(73)] ReadMemory at 0x7fffeec30000 of 64 bytes failed: Only part of a ReadProcessMemory or WriteProcessMemory request was completed. (0x12B)
[1120/205934.278:WARNING:pe_image_reader.cc(340)] could not read dos header from C:\Windows\System32\shcore.dll
[1120/205934.278:ERROR:process_memory_win.cc(73)] ReadMemory at 0x7fffed950000 of 64 bytes failed: Only part of a ReadProcessMemory or WriteProcessMemory request was completed. (0x12B)
[1120/205934.278:WARNING:pe_image_reader.cc(340)] could not read dos header from C:\Windows\SYSTEM32\SSPICLI.DLL
[1120/205934.279:ERROR:process_memory_win.cc(73)] ReadMemory at 0x7fffed460000 of 64 bytes failed: Only part of a ReadProcessMemory or WriteProcessMemory request was completed. (0x12B)
[1120/205934.279:WARNING:pe_image_reader.cc(340)] could not read dos header from C:\Windows\SYSTEM32\CRYPTBASE.DLL
[1120/205934.344:ERROR:process_memory_win.cc(73)] ReadMemory at 0x7ff6f4ad0000 of 64 bytes failed: Only part of a ReadProcessMemory or WriteProcessMemory request was completed. (0x12B)
[1120/205934.344:WARNING:pe_image_reader.cc(340)] could not read dos header from C:\Program Files (x86)\Google\Chrome\Application\chrome.exe
[1120/205934.344:ERROR:process_memory_win.cc(73)] ReadMemory at 0x7ffff0b80000 of 64 bytes failed: Only part of a ReadProcessMemory or WriteProcessMemory request was completed. (0x12B)
[1120/205934.344:WARNING:pe_image_reader.cc(340)] could not read dos header from C:\Windows\SYSTEM32\ntdll.dll
[1120/205934.344:ERROR:process_memory_win.cc(73)] ReadMemory at 0x7fffefa60000 of 64 bytes failed: Only part of a ReadProcessMemory or WriteProcessMemory request was completed. (0x12B)
[1120/205934.344:WARNING:pe_image_reader.cc(340)] could not read dos header from C:\Windows\System32\KERNEL32.DLL
[1120/205934.344:ERROR:process_memory_win.cc(73)] ReadMemory at 0x7fffedd80000 of 64 bytes failed: Only part of a ReadProcessMemory or WriteProcessMemory request was completed. (0x12B)
[1120/205934.345:WARNING:pe_image_reader.cc(340)] could not read dos header from C:\Windows\System32\KERNELBASE.dll
[1120/205934.345:ERROR:process_memory_win.cc(73)] ReadMemory at 0x7fffb9ff0000 of 64 bytes failed: Only part of a ReadProcessMemory or WriteProcessMemory request was completed. (0x12B)
[1120/205934.345:WARNING:pe_image_reader.cc(340)] could not read dos header from C:\Program Files (x86)\Google\Chrome\Application\86.0.4240.198\chrome_elf.dll
[1120/205934.345:ERROR:process_memory_win.cc(73)] ReadMemory at 0x7fffe7400000 of 64 bytes failed: Only part of a ReadProcessMemory or WriteProcessMemory request was completed. (0x12B)
[1120/205934.345:WARNING:pe_image_reader.cc(340)] could not read dos header from C:\Windows\SYSTEM32\VERSION.dll
[1120/205934.345:ERROR:process_memory_win.cc(73)] ReadMemory at 0x7fffef9c0000 of 64 bytes failed: Only part of a ReadProcessMemory or WriteProcessMemory request was completed. (0x12B)
[1120/205934.345:WARNING:pe_image_reader.cc(340)] could not read dos header from C:\Windows\System32\msvcrt.dll
[1120/205934.345:ERROR:process_memory_win.cc(73)] ReadMemory at 0x7fffeea10000 of 64 bytes failed: Only part of a ReadProcessMemory or WriteProcessMemory request was completed. (0x12B)
[1120/205934.345:WARNING:pe_image_reader.cc(340)] could not read dos header from C:\Windows\System32\bcryptPrimitives.dll
[1120/205934.346:ERROR:process_memory_win.cc(73)] ReadMemory at 0x7ffff03e0000 of 64 bytes failed: Only part of a ReadProcessMemory or WriteProcessMemory request was completed. (0x12B)
[1120/205934.346:WARNING:pe_image_reader.cc(340)] could not read dos header from C:\Windows\System32\ADVAPI32.dll
[1120/205934.346:ERROR:process_memory_win.cc(73)] ReadMemory at 0x7fffefe60000 of 64 bytes failed: Only part of a ReadProcessMemory or WriteProcessMemory request was completed. (0x12B)
[1120/205934.346:WARNING:pe_image_reader.cc(340)] could not read dos header from C:\Windows\System32\sechost.dll
[1120/205934.346:ERROR:process_memory_win.cc(73)] ReadMemory at 0x7ffff04d0000 of 64 bytes failed: Only part of a ReadProcessMemory or WriteProcessMemory request was completed. (0x12B)
[1120/205934.346:WARNING:pe_image_reader.cc(340)] could not read dos header from C:\Windows\System32\RPCRT4.dll
[1120/205934.347:ERROR:process_memory_win.cc(73)] ReadMemory at 0x7fff9a110000 of 64 bytes failed: Only part of a ReadProcessMemory or WriteProcessMemory request was completed. (0x12B)
[1120/205934.347:WARNING:pe_image_reader.cc(340)] could not read dos header from C:\Program Files (x86)\Google\Chrome\Application\86.0.4240.198\chrome.dll
[1120/205934.347:ERROR:process_memory_win.cc(73)] ReadMemory at 0x7ffff0940000 of 64 bytes failed: Only part of a ReadProcessMemory or WriteProcessMemory request was completed. (0x12B)
[1120/205934.347:WARNING:pe_image_reader.cc(340)] could not read dos header from C:\Windows\System32\WS2_32.dll
[1120/205934.347:ERROR:process_memory_win.cc(73)] ReadMemory at 0x7fffef3d0000 of 64 bytes failed: Only part of a ReadProcessMemory or WriteProcessMemory request was completed. (0x12B)
[1120/205934.348:WARNING:pe_image_reader.cc(340)] could not read dos header from C:\Windows\System32\OLEAUT32.dll
[1120/205934.348:ERROR:process_memory_win.cc(73)] ReadMemory at 0x7fffee080000 of 64 bytes failed: Only part of a ReadProcessMemory or WriteProcessMemory request was completed. (0x12B)
[1120/205934.348:WARNING:pe_image_reader.cc(340)] could not read dos header from C:\Windows\System32\msvcp_win.dll
[1120/205934.348:ERROR:process_memory_win.cc(73)] ReadMemory at 0x7fffedc80000 of 64 bytes failed: Only part of a ReadProcessMemory or WriteProcessMemory request was completed. (0x12B)
[1120/205934.348:WARNING:pe_image_reader.cc(340)] could not read dos header from C:\Windows\System32\ucrtbase.dll
[1120/205934.348:ERROR:process_memory_win.cc(73)] ReadMemory at 0x25c82d10000 of 64 bytes failed: Only part of a ReadProcessMemory or WriteProcessMemory request was completed. (0x12B)
[1120/205934.348:WARNING:pe_image_reader.cc(340)] could not read dos header from C:\Windows\System32\combase.dll
[1120/205934.348:ERROR:process_memory_win.cc(73)] ReadMemory at 0x7fffee9b0000 of 64 bytes failed: Only part of a ReadProcessMemory or WriteProcessMemory request was completed. (0x12B)
[1120/205934.348:WARNING:pe_image_reader.cc(340)] could not read dos header from C:\Windows\System32\WINTRUST.dll
[1120/205934.348:ERROR:process_memory_win.cc(73)] ReadMemory at 0x7fffeda60000 of 64 bytes failed: Only part of a ReadProcessMemory or WriteProcessMemory request was completed. (0x12B)
[1120/205934.349:WARNING:pe_image_reader.cc(340)] could not read dos header from C:\Windows\System32\MSASN1.dll
[1120/205934.349:ERROR:process_memory_win.cc(73)] ReadMemory at 0x7fffedb30000 of 64 bytes failed: Only part of a ReadProcessMemory or WriteProcessMemory request was completed. (0x12B)
[1120/205934.349:WARNING:pe_image_reader.cc(340)] could not read dos header from C:\Windows\System32\CRYPT32.dll
[1120/205934.349:ERROR:process_memory_win.cc(73)] ReadMemory at 0x7fffec350000 of 64 bytes failed: Only part of a ReadProcessMemory or WriteProcessMemory request was completed. (0x12B)
[1120/205934.349:WARNING:pe_image_reader.cc(340)] could not read dos header from C:\Windows\SYSTEM32\dbghelp.dll
[1120/205934.349:ERROR:process_memory_win.cc(73)] ReadMemory at 0x7fffecf40000 of 64 bytes failed: Only part of a ReadProcessMemory or WriteProcessMemory request was completed. (0x12B)
[1120/205934.349:WARNING:pe_image_reader.cc(340)] could not read dos header from C:\Windows\SYSTEM32\IPHLPAPI.DLL
[1120/205934.349:ERROR:process_memory_win.cc(73)] ReadMemory at 0x7fffeadd0000 of 64 bytes failed: Only part of a ReadProcessMemory or WriteProcessMemory request was completed. (0x12B)
[1120/205934.349:WARNING:pe_image_reader.cc(340)] could not read dos header from C:\Windows\SYSTEM32\WINMM.dll
[1120/205934.350:ERROR:process_memory_win.cc(73)] ReadMemory at 0x7fffd2cb0000 of 64 bytes failed: Only part of a ReadProcessMemory or WriteProcessMemory request was completed. (0x12B)
[1120/205934.350:WARNING:pe_image_reader.cc(340)] could not read dos header from C:\Windows\SYSTEM32\UIAutomationCore.DLL
[1120/205934.350:ERROR:process_memory_win.cc(73)] ReadMemory at 0x7fffda9a0000 of 64 bytes failed: Only part of a ReadProcessMemory or WriteProcessMemory request was completed. (0x12B)
[1120/205934.350:WARNING:pe_image_reader.cc(340)] could not read dos header from C:\Windows\SYSTEM32\Secur32.dll
[1120/205934.350:ERROR:process_memory_win.cc(73)] ReadMemory at 0x7fffed920000 of 64 bytes failed: Only part of a ReadProcessMemory or WriteProcessMemory request was completed. (0x12B)
[1120/205934.350:WARNING:pe_image_reader.cc(340)] could not read dos header from C:\Windows\SYSTEM32\USERENV.dll
[1120/205934.350:ERROR:process_memory_win.cc(73)] ReadMemory at 0x7fffeda80000 of 64 bytes failed: Only part of a ReadProcessMemory or WriteProcessMemory request was completed. (0x12B)
[1120/205934.350:WARNING:pe_image_reader.cc(340)] could not read dos header from C:\Windows\System32\profapi.dll
[1120/205934.350:ERROR:process_memory_win.cc(73)] ReadMemory at 0x7fffe1100000 of 64 bytes failed: Only part of a ReadProcessMemory or WriteProcessMemory request was completed. (0x12B)
[1120/205934.350:WARNING:pe_image_reader.cc(340)] could not read dos header from C:\Windows\SYSTEM32\DWrite.dll
[1120/205934.351:ERROR:process_memory_win.cc(73)] ReadMemory at 0x7fffc2360000 of 64 bytes failed: Only part of a ReadProcessMemory or WriteProcessMemory request was completed. (0x12B)
[1120/205934.351:WARNING:pe_image_reader.cc(340)] could not read dos header from C:\Windows\SYSTEM32\WINSPOOL.DRV
[1120/205934.351:ERROR:process_memory_win.cc(73)] ReadMemory at 0x7fffeda40000 of 64 bytes failed: Only part of a ReadProcessMemory or WriteProcessMemory request was completed. (0x12B)
[1120/205934.351:WARNING:pe_image_reader.cc(340)] could not read dos header from C:\Windows\System32\kernel.appcore.dll
[1120/205934.351:ERROR:process_memory_win.cc(73)] ReadMemory at 0x7fffedb00000 of 64 bytes failed: Only part of a ReadProcessMemory or WriteProcessMemory request was completed. (0x12B)
[1120/205934.352:WARNING:pe_image_reader.cc(340)] could not read dos header from C:\Windows\System32\bcrypt.dll
[1120/205934.352:ERROR:process_memory_win.cc(73)] ReadMemory at 0x7fffe00b0000 of 64 bytes failed: Only part of a ReadProcessMemory or WriteProcessMemory request was completed. (0x12B)
[1120/205934.352:WARNING:pe_image_reader.cc(340)] could not read dos header from C:\Windows\SYSTEM32\WINHTTP.dll
[1120/205934.352:ERROR:process_memory_win.cc(73)] ReadMemory at 0x7fffe7410000 of 64 bytes failed: Only part of a ReadProcessMemory or WriteProcessMemory request was completed. (0x12B)
[1120/205934.352:WARNING:pe_image_reader.cc(340)] could not read dos header from C:\Windows\SYSTEM32\dhcpcsvc.DLL
[1120/205934.352:ERROR:process_memory_win.cc(73)] ReadMemory at 0x7ffff05f0000 of 64 bytes failed: Only part of a ReadProcessMemory or WriteProcessMemory request was completed. (0x12B)
[1120/205934.353:WARNING:pe_image_reader.cc(340)] could not read dos header from C:\Windows\System32\NSI.dll
[1120/205934.353:ERROR:process_memory_win.cc(73)] ReadMemory at 0x7fffeada0000 of 64 bytes failed: Only part of a ReadProcessMemory or WriteProcessMemory request was completed. (0x12B)
[1120/205934.353:WARNING:pe_image_reader.cc(340)] could not read dos header from C:\Windows\SYSTEM32\WINMMBASE.dll
[1120/205934.353:ERROR:process_memory_win.cc(73)] ReadMemory at 0x7fffee030000 of 64 bytes failed: Only part of a ReadProcessMemory or WriteProcessMemory request was completed. (0x12B)
[1120/205934.353:WARNING:pe_image_reader.cc(340)] could not read dos header from C:\Windows\System32\cfgmgr32.dll
[1120/205934.353:ERROR:process_memory_win.cc(73)] ReadMemory at 0x7fffebdc0000 of 64 bytes failed: Only part of a ReadProcessMemory or WriteProcessMemory request was completed. (0x12B)
[1120/205934.353:WARNING:pe_image_reader.cc(340)] could not read dos header from C:\Windows\SYSTEM32\PROPSYS.dll
[1120/205934.353:ERROR:process_memory_win.cc(73)] ReadMemory at 0x7fffeec30000 of 64 bytes failed: Only part of a ReadProcessMemory or WriteProcessMemory request was completed. (0x12B)
[1120/205934.354:WARNING:pe_image_reader.cc(340)] could not read dos header from C:\Windows\System32\shcore.dll
[1120/205934.354:ERROR:process_memory_win.cc(73)] ReadMemory at 0x7fffed950000 of 64 bytes failed: Only part of a ReadProcessMemory or WriteProcessMemory request was completed. (0x12B)
[1120/205934.354:WARNING:pe_image_reader.cc(340)] could not read dos header from C:\Windows\SYSTEM32\SSPICLI.DLL
[1120/205934.354:ERROR:process_memory_win.cc(73)] ReadMemory at 0x7fffed460000 of 64 bytes failed: Only part of a ReadProcessMemory or WriteProcessMemory request was completed. (0x12B)
[1120/205934.354:WARNING:pe_image_reader.cc(340)] could not read dos header from C:\Windows\SYSTEM32\CRYPTBASE.DLL
[1120/205934.354:ERROR:process_memory_win.cc(73)] ReadMemory at 0x7ff6f4ad0000 of 64 bytes failed: Only part of a ReadProcessMemory or WriteProcessMemory request was completed. (0x12B)
[1120/205934.354:WARNING:pe_image_reader.cc(340)] could not read dos header from C:\Program Files (x86)\Google\Chrome\Application\chrome.exe
[1120/205934.355:ERROR:process_memory_win.cc(73)] ReadMemory at 0x7ffff0b80000 of 64 bytes failed: Only part of a ReadProcessMemory or WriteProcessMemory request was completed. (0x12B)
[1120/205934.355:WARNING:pe_image_reader.cc(340)] could not read dos header from C:\Windows\SYSTEM32\ntdll.dll
[1120/205934.355:ERROR:process_memory_win.cc(73)] ReadMemory at 0x7fffefa60000 of 64 bytes failed: Only part of a ReadProcessMemory or WriteProcessMemory request was completed. (0x12B)
[1120/205934.355:WARNING:pe_image_reader.cc(340)] could not read dos header from C:\Windows\System32\KERNEL32.DLL
[1120/205934.355:ERROR:process_memory_win.cc(73)] ReadMemory at 0x7fffedd80000 of 64 bytes failed: Only part of a ReadProcessMemory or WriteProcessMemory request was completed. (0x12B)
[1120/205934.355:WARNING:pe_image_reader.cc(340)] could not read dos header from C:\Windows\System32\KERNELBASE.dll
[1120/205934.355:ERROR:process_memory_win.cc(73)] ReadMemory at 0x7fffb9ff0000 of 64 bytes failed: Only part of a ReadProcessMemory or WriteProcessMemory request was completed. (0x12B)
[1120/205934.356:WARNING:pe_image_reader.cc(340)] could not read dos header from C:\Program Files (x86)\Google\Chrome\Application\86.0.4240.198\chrome_elf.dll
[1120/205934.356:ERROR:process_memory_win.cc(73)] ReadMemory at 0x7fffe7400000 of 64 bytes failed: Only part of a ReadProcessMemory or WriteProcessMemory request was completed. (0x12B)
[1120/205934.356:WARNING:pe_image_reader.cc(340)] could not read dos header from C:\Windows\SYSTEM32\VERSION.dll
[1120/205934.356:ERROR:process_memory_win.cc(73)] ReadMemory at 0x7fffef9c0000 of 64 bytes failed: Only part of a ReadProcessMemory or WriteProcessMemory request was completed. (0x12B)
[1120/205934.356:WARNING:pe_image_reader.cc(340)] could not read dos header from C:\Windows\System32\msvcrt.dll
[1120/205934.356:ERROR:process_memory_win.cc(73)] ReadMemory at 0x7fffeea10000 of 64 bytes failed: Only part of a ReadProcessMemory or WriteProcessMemory request was completed. (0x12B)
[1120/205934.356:WARNING:pe_image_reader.cc(340)] could not read dos header from C:\Windows\System32\bcryptPrimitives.dll
[1120/205934.356:ERROR:process_memory_win.cc(73)] ReadMemory at 0x7ffff03e0000 of 64 bytes failed: Only part of a ReadProcessMemory or WriteProcessMemory request was completed. (0x12B)
[1120/205934.356:WARNING:pe_image_reader.cc(340)] could not read dos header from C:\Windows\System32\ADVAPI32.dll
[1120/205934.357:ERROR:process_memory_win.cc(73)] ReadMemory at 0x7fffefe60000 of 64 bytes failed: Only part of a ReadProcessMemory or WriteProcessMemory request was completed. (0x12B)
[1120/205934.357:WARNING:pe_image_reader.cc(340)] could not read dos header from C:\Windows\System32\sechost.dll
[1120/205934.357:ERROR:process_memory_win.cc(73)] ReadMemory at 0x7ffff04d0000 of 64 bytes failed: Only part of a ReadProcessMemory or WriteProcessMemory request was completed. (0x12B)
[1120/205934.357:WARNING:pe_image_reader.cc(340)] could not read dos header from C:\Windows\System32\RPCRT4.dll
[1120/205934.357:ERROR:process_memory_win.cc(73)] ReadMemory at 0x7fff9a110000 of 64 bytes failed: Only part of a ReadProcessMemory or WriteProcessMemory request was completed. (0x12B)
[1120/205934.357:WARNING:pe_image_reader.cc(340)] could not read dos header from C:\Program Files (x86)\Google\Chrome\Application\86.0.4240.198\chrome.dll
[1120/205934.357:ERROR:process_memory_win.cc(73)] ReadMemory at 0x7ffff0940000 of 64 bytes failed: Only part of a ReadProcessMemory or WriteProcessMemory request was completed. (0x12B)
[1120/205934.357:WARNING:pe_image_reader.cc(340)] could not read dos header from C:\Windows\System32\WS2_32.dll
[1120/205934.357:ERROR:process_memory_win.cc(73)] ReadMemory at 0x7fffef3d0000 of 64 bytes failed: Only part of a ReadProcessMemory or WriteProcessMemory request was completed. (0x12B)
[1120/205934.357:WARNING:pe_image_reader.cc(340)] could not read dos header from C:\Windows\System32\OLEAUT32.dll
[1120/205934.358:ERROR:process_memory_win.cc(73)] ReadMemory at 0x7fffee080000 of 64 bytes failed: Only part of a ReadProcessMemory or WriteProcessMemory request was completed. (0x12B)
[1120/205934.358:WARNING:pe_image_reader.cc(340)] could not read dos header from C:\Windows\System32\msvcp_win.dll
[1120/205934.358:ERROR:process_memory_win.cc(73)] ReadMemory at 0x7fffedc80000 of 64 bytes failed: Only part of a ReadProcessMemory or WriteProcessMemory request was completed. (0x12B)
[1120/205934.358:WARNING:pe_image_reader.cc(340)] could not read dos header from C:\Windows\System32\ucrtbase.dll
[1120/205934.358:ERROR:process_memory_win.cc(73)] ReadMemory at 0x25c82d10000 of 64 bytes failed: Only part of a ReadProcessMemory or WriteProcessMemory request was completed. (0x12B)
[1120/205934.358:WARNING:pe_image_reader.cc(340)] could not read dos header from C:\Windows\System32\combase.dll
[1120/205934.358:ERROR:process_memory_win.cc(73)] ReadMemory at 0x7fffee9b0000 of 64 bytes failed: Only part of a ReadProcessMemory or WriteProcessMemory request was completed. (0x12B)
[1120/205934.358:WARNING:pe_image_reader.cc(340)] could not read dos header from C:\Windows\System32\WINTRUST.dll
[1120/205934.358:ERROR:process_memory_win.cc(73)] ReadMemory at 0x7fffeda60000 of 64 bytes failed: Only part of a ReadProcessMemory or WriteProcessMemory request was completed. (0x12B)
[1120/205934.358:WARNING:pe_image_reader.cc(340)] could not read dos header from C:\Windows\System32\MSASN1.dll
[1120/205934.359:ERROR:process_memory_win.cc(73)] ReadMemory at 0x7fffedb30000 of 64 bytes failed: Only part of a ReadProcessMemory or WriteProcessMemory request was completed. (0x12B)
[1120/205934.359:WARNING:pe_image_reader.cc(340)] could not read dos header from C:\Windows\System32\CRYPT32.dll
[1120/205934.359:ERROR:process_memory_win.cc(73)] ReadMemory at 0x7fffec350000 of 64 bytes failed: Only part of a ReadProcessMemory or WriteProcessMemory request was completed. (0x12B)
[1120/205934.359:WARNING:pe_image_reader.cc(340)] could not read dos header from C:\Windows\SYSTEM32\dbghelp.dll
[1120/205934.359:ERROR:process_memory_win.cc(73)] ReadMemory at 0x7fffecf40000 of 64 bytes failed: Only part of a ReadProcessMemory or WriteProcessMemory request was completed. (0x12B)
[1120/205934.359:WARNING:pe_image_reader.cc(340)] could not read dos header from C:\Windows\SYSTEM32\IPHLPAPI.DLL
[1120/205934.359:ERROR:process_memory_win.cc(73)] ReadMemory at 0x7fffeadd0000 of 64 bytes failed: Only part of a ReadProcessMemory or WriteProcessMemory request was completed. (0x12B)
[1120/205934.359:WARNING:pe_image_reader.cc(340)] could not read dos header from C:\Windows\SYSTEM32\WINMM.dll
[1120/205934.359:ERROR:process_memory_win.cc(73)] ReadMemory at 0x7fffd2cb0000 of 64 bytes failed: Only part of a ReadProcessMemory or WriteProcessMemory request was completed. (0x12B)
[1120/205934.359:WARNING:pe_image_reader.cc(340)] could not read dos header from C:\Windows\SYSTEM32\UIAutomationCore.DLL
[1120/205934.359:ERROR:process_memory_win.cc(73)] ReadMemory at 0x7fffda9a0000 of 64 bytes failed: Only part of a ReadProcessMemory or WriteProcessMemory request was completed. (0x12B)
[1120/205934.360:WARNING:pe_image_reader.cc(340)] could not read dos header from C:\Windows\SYSTEM32\Secur32.dll
[1120/205934.360:ERROR:process_memory_win.cc(73)] ReadMemory at 0x7fffed920000 of 64 bytes failed: Only part of a ReadProcessMemory or WriteProcessMemory request was completed. (0x12B)
[1120/205934.360:WARNING:pe_image_reader.cc(340)] could not read dos header from C:\Windows\SYSTEM32\USERENV.dll
[1120/205934.360:ERROR:process_memory_win.cc(73)] ReadMemory at 0x7fffeda80000 of 64 bytes failed: Only part of a ReadProcessMemory or WriteProcessMemory request was completed. (0x12B)
[1120/205934.360:WARNING:pe_image_reader.cc(340)] could not read dos header from C:\Windows\System32\profapi.dll
[1120/205934.360:ERROR:process_memory_win.cc(73)] ReadMemory at 0x7fffe1100000 of 64 bytes failed: Only part of a ReadProcessMemory or WriteProcessMemory request was completed. (0x12B)
[1120/205934.360:WARNING:pe_image_reader.cc(340)] could not read dos header from C:\Windows\SYSTEM32\DWrite.dll
[1120/205934.360:ERROR:process_memory_win.cc(73)] ReadMemory at 0x7fffc2360000 of 64 bytes failed: Only part of a ReadProcessMemory or WriteProcessMemory request was completed. (0x12B)
[1120/205934.360:WARNING:pe_image_reader.cc(340)] could not read dos header from C:\Windows\SYSTEM32\WINSPOOL.DRV
[1120/205934.361:ERROR:process_memory_win.cc(73)] ReadMemory at 0x7fffeda40000 of 64 bytes failed: Only part of a ReadProcessMemory or WriteProcessMemory request was completed. (0x12B)
[1120/205934.361:WARNING:pe_image_reader.cc(340)] could not read dos header from C:\Windows\System32\kernel.appcore.dll
[1120/205934.361:ERROR:process_memory_win.cc(73)] ReadMemory at 0x7fffedb00000 of 64 bytes failed: Only part of a ReadProcessMemory or WriteProcessMemory request was completed. (0x12B)
[1120/205934.361:WARNING:pe_image_reader.cc(340)] could not read dos header from C:\Windows\System32\bcrypt.dll
[1120/205934.361:ERROR:process_memory_win.cc(73)] ReadMemory at 0x7fffe00b0000 of 64 bytes failed: Only part of a ReadProcessMemory or WriteProcessMemory request was completed. (0x12B)
[1120/205934.361:WARNING:pe_image_reader.cc(340)] could not read dos header from C:\Windows\SYSTEM32\WINHTTP.dll
[1120/205934.361:ERROR:process_memory_win.cc(73)] ReadMemory at 0x7fffe7410000 of 64 bytes failed: Only part of a ReadProcessMemory or WriteProcessMemory request was completed. (0x12B)
[1120/205934.361:WARNING:pe_image_reader.cc(340)] could not read dos header from C:\Windows\SYSTEM32\dhcpcsvc.DLL
[1120/205934.361:ERROR:process_memory_win.cc(73)] ReadMemory at 0x7ffff05f0000 of 64 bytes failed: Only part of a ReadProcessMemory or WriteProcessMemory request was completed. (0x12B)
[1120/205934.361:WARNING:pe_image_reader.cc(340)] could not read dos header from C:\Windows\System32\NSI.dll
[1120/205934.362:ERROR:process_memory_win.cc(73)] ReadMemory at 0x7fffeada0000 of 64 bytes failed: Only part of a ReadProcessMemory or WriteProcessMemory request was completed. (0x12B)
[1120/205934.362:WARNING:pe_image_reader.cc(340)] could not read dos header from C:\Windows\SYSTEM32\WINMMBASE.dll
[1120/205934.362:ERROR:process_memory_win.cc(73)] ReadMemory at 0x7fffee030000 of 64 bytes failed: Only part of a ReadProcessMemory or WriteProcessMemory request was completed. (0x12B)
[1120/205934.362:WARNING:pe_image_reader.cc(340)] could not read dos header from C:\Windows\System32\cfgmgr32.dll
[1120/205934.362:ERROR:process_memory_win.cc(73)] ReadMemory at 0x7fffebdc0000 of 64 bytes failed: Only part of a ReadProcessMemory or WriteProcessMemory request was completed. (0x12B)
[1120/205934.362:WARNING:pe_image_reader.cc(340)] could not read dos header from C:\Windows\SYSTEM32\PROPSYS.dll
[1120/205934.362:ERROR:process_memory_win.cc(73)] ReadMemory at 0x7fffeec30000 of 64 bytes failed: Only part of a ReadProcessMemory or WriteProcessMemory request was completed. (0x12B)
[1120/205934.362:WARNING:pe_image_reader.cc(340)] could not read dos header from C:\Windows\System32\shcore.dll
[1120/205934.362:ERROR:process_memory_win.cc(73)] ReadMemory at 0x7fffed950000 of 64 bytes failed: Only part of a ReadProcessMemory or WriteProcessMemory request was completed. (0x12B)
[1120/205934.363:WARNING:pe_image_reader.cc(340)] could not read dos header from C:\Windows\SYSTEM32\SSPICLI.DLL
[1120/205934.363:ERROR:process_memory_win.cc(73)] ReadMemory at 0x7fffed460000 of 64 bytes failed: Only part of a ReadProcessMemory or WriteProcessMemory request was completed. (0x12B)
[1120/205934.363:WARNING:pe_image_reader.cc(340)] could not read dos header from C:\Windows\SYSTEM32\CRYPTBASE.DLL
[1120/205934.394:ERROR:process_memory_win.cc(73)] ReadMemory at 0x5cc1bea000 of 90112 bytes failed: Only part of a ReadProcessMemory or WriteProcessMemory request was completed. (0x12B)
[1120/205934.394:ERROR:process_memory_win.cc(73)] ReadMemory at 0x5cc23fe000 of 8192 bytes failed: Only part of a ReadProcessMemory or WriteProcessMemory request was completed. (0x12B)
[1120/205934.394:ERROR:process_memory_win.cc(73)] ReadMemory at 0x5cc33fe000 of 8192 bytes failed: Only part of a ReadProcessMemory or WriteProcessMemory request was completed. (0x12B)
[1120/205934.395:ERROR:process_memory_win.cc(73)] ReadMemory at 0x5cc3bfd000 of 12288 bytes failed: Only part of a ReadProcessMemory or WriteProcessMemory request was completed. (0x12B)
[1120/205934.395:ERROR:process_memory_win.cc(73)] ReadMemory at 0x5cc43ff000 of 4096 bytes failed: Only part of a ReadProcessMemory or WriteProcessMemory request was completed. (0x12B)
[1120/205934.395:ERROR:process_memory_win.cc(73)] ReadMemory at 0x5cc53fe000 of 8192 bytes failed: Only part of a ReadProcessMemory or WriteProcessMemory request was completed. (0x12B)
[1120/205934.395:ERROR:process_memory_win.cc(73)] ReadMemory at 0x5cc5bfd000 of 12288 bytes failed: Only part of a ReadProcessMemory or WriteProcessMemory request was completed. (0x12B)
[1120/205934.395:ERROR:process_memory_win.cc(73)] ReadMemory at 0x5cc63fe000 of 8192 bytes failed: Only part of a ReadProcessMemory or WriteProcessMemory request was completed. (0x12B)
[1120/205934.395:ERROR:process_memory_win.cc(73)] ReadMemory at 0x5cc6bfc000 of 16384 bytes failed: Only part of a ReadProcessMemory or WriteProcessMemory request was completed. (0x12B)
[1120/205934.395:ERROR:process_memory_win.cc(73)] ReadMemory at 0x5cc73fc000 of 16384 bytes failed: Only part of a ReadProcessMemory or WriteProcessMemory request was completed. (0x12B)
[1120/205934.395:ERROR:process_memory_win.cc(73)] ReadMemory at 0x5cc7bfe000 of 8192 bytes failed: Only part of a ReadProcessMemory or WriteProcessMemory request was completed. (0x12B)
[1120/205934.395:ERROR:process_memory_win.cc(73)] ReadMemory at 0x5cc4bfe000 of 8192 bytes failed: Only part of a ReadProcessMemory or WriteProcessMemory request was completed. (0x12B)
[1120/205934.396:ERROR:process_memory_win.cc(73)] ReadMemory at 0x5cc93fc000 of 16384 bytes failed: Only part of a ReadProcessMemory or WriteProcessMemory request was completed. (0x12B)
[1120/205934.396:ERROR:process_memory_win.cc(73)] ReadMemory at 0x5cc2bfc000 of 16384 bytes failed: Only part of a ReadProcessMemory or WriteProcessMemory request was completed. (0x12B)
[1120/205934.396:ERROR:process_memory_win.cc(73)] ReadMemory at 0x5cc83fc000 of 16384 bytes failed: Only part of a ReadProcessMemory or WriteProcessMemory request was completed. (0x12B)
[1120/205934.396:ERROR:process_memory_win.cc(73)] ReadMemory at 0x5cc8bff000 of 4096 bytes failed: Only part of a ReadProcessMemory or WriteProcessMemory request was completed. (0x12B)
[1120/205934.396:ERROR:process_memory_win.cc(73)] ReadMemory at 0x5cc12ff000 of 852 bytes failed: Only part of a ReadProcessMemory or WriteProcessMemory request was completed. (0x12B)
[1120/205934.396:ERROR:process_memory_win.cc(73)] ReadMemory at 0x5cc1300000 of 6024 bytes failed: Only part of a ReadProcessMemory or WriteProcessMemory request was completed. (0x12B)
[1120/205934.396:ERROR:process_memory_win.cc(73)] ReadMemory at 0x5cc1302000 of 6024 bytes failed: Only part of a ReadProcessMemory or WriteProcessMemory request was completed. (0x12B)
[1120/205934.396:ERROR:process_memory_win.cc(73)] ReadMemory at 0x5cc1306000 of 6024 bytes failed: Only part of a ReadProcessMemory or WriteProcessMemory request was completed. (0x12B)
[1120/205934.397:ERROR:process_memory_win.cc(73)] ReadMemory at 0x5cc1308000 of 6024 bytes failed: Only part of a ReadProcessMemory or WriteProcessMemory request was completed. (0x12B)
[1120/205934.397:ERROR:process_memory_win.cc(73)] ReadMemory at 0x5cc130a000 of 6024 bytes failed: Only part of a ReadProcessMemory or WriteProcessMemory request was completed. (0x12B)
[1120/205934.397:ERROR:process_memory_win.cc(73)] ReadMemory at 0x5cc130e000 of 6024 bytes failed: Only part of a ReadProcessMemory or WriteProcessMemory request was completed. (0x12B)
[1120/205934.397:ERROR:process_memory_win.cc(73)] ReadMemory at 0x5cc1310000 of 6024 bytes failed: Only part of a ReadProcessMemory or WriteProcessMemory request was completed. (0x12B)
[1120/205934.397:ERROR:process_memory_win.cc(73)] ReadMemory at 0x5cc1312000 of 6024 bytes failed: Only part of a ReadProcessMemory or WriteProcessMemory request was completed. (0x12B)
[1120/205934.397:ERROR:process_memory_win.cc(73)] ReadMemory at 0x5cc1314000 of 6024 bytes failed: Only part of a ReadProcessMemory or WriteProcessMemory request was completed. (0x12B)
[1120/205934.397:ERROR:process_memory_win.cc(73)] ReadMemory at 0x5cc1316000 of 6024 bytes failed: Only part of a ReadProcessMemory or WriteProcessMemory request was completed. (0x12B)
[1120/205934.397:ERROR:process_memory_win.cc(73)] ReadMemory at 0x5cc1318000 of 6024 bytes failed: Only part of a ReadProcessMemory or WriteProcessMemory request was completed. (0x12B)
[1120/205934.398:ERROR:process_memory_win.cc(73)] ReadMemory at 0x5cc131e000 of 6024 bytes failed: Only part of a ReadProcessMemory or WriteProcessMemory request was completed. (0x12B)
[1120/205934.398:ERROR:process_memory_win.cc(73)] ReadMemory at 0x5cc1374000 of 6024 bytes failed: Only part of a ReadProcessMemory or WriteProcessMemory request was completed. (0x12B)
[1120/205934.398:ERROR:process_memory_win.cc(73)] ReadMemory at 0x5cc1378000 of 6024 bytes failed: Only part of a ReadProcessMemory or WriteProcessMemory request was completed. (0x12B)
[1120/205934.398:ERROR:process_memory_win.cc(73)] ReadMemory at 0x5cc137a000 of 6024 bytes failed: Only part of a ReadProcessMemory or WriteProcessMemory request was completed. (0x12B)
[1120/205934.398:ERROR:process_memory_win.cc(73)] ReadMemory at 0x5cc137c000 of 6024 bytes failed: Only part of a ReadProcessMemory or WriteProcessMemory request was completed. (0x12B)
[1120/205934.398:ERROR:process_memory_win.cc(73)] ReadMemory at 0x25c825c0fe0 of 16858 bytes failed: Only part of a ReadProcessMemory or WriteProcessMemory request was completed. (0x12B)
[1120/205934.398:ERROR:process_memory_win.cc(73)] ReadMemory at 0x25c825c51d0 of 1012 bytes failed: Only part of a ReadProcessMemory or WriteProcessMemory request was completed. (0x12B)
[1120/205934.398:ERROR:process_memory_win.cc(73)] ReadMemory at 0x25c825c5818 of 118 bytes failed: Only part of a ReadProcessMemory or WriteProcessMemory request was completed. (0x12B)
[1120/205934.398:ERROR:process_memory_win.cc(73)] ReadMemory at 0x25c825c5890 of 710 bytes failed: Only part of a ReadProcessMemory or WriteProcessMemory request was completed. (0x12B)
[1120/205934.399:ERROR:process_memory_win.cc(73)] ReadMemory at 0x25c825c5b58 of 118 bytes failed: Only part of a ReadProcessMemory or WriteProcessMemory request was completed. (0x12B)
[1120/205934.399:ERROR:process_memory_win.cc(73)] ReadMemory at 0x25c825c5bd0 of 100 bytes failed: Only part of a ReadProcessMemory or WriteProcessMemory request was completed. (0x12B)
[1120/205934.399:ERROR:process_memory_win.cc(73)] ReadMemory at 0x25c825c5c40 of 58 bytes failed: Only part of a ReadProcessMemory or WriteProcessMemory request was completed. (0x12B)
[1120/205934.399:ERROR:process_memory_win.cc(73)] ReadMemory at 0x25c825c5d40 of 132 bytes failed: Only part of a ReadProcessMemory or WriteProcessMemory request was completed. (0x12B)
[1120/205934.399:ERROR:process_memory_win.cc(73)] ReadMemory at 0x25c825c5ed0 of 132 bytes failed: Only part of a ReadProcessMemory or WriteProcessMemory request was completed. (0x12B)
[1120/205934.399:ERROR:process_memory_win.cc(73)] ReadMemory at 0x25c825c6090 of 126 bytes failed: Only part of a ReadProcessMemory or WriteProcessMemory request was completed. (0x12B)
[1120/205934.399:ERROR:process_memory_win.cc(73)] ReadMemory at 0x25c825c6590 of 132 bytes failed: Only part of a ReadProcessMemory or WriteProcessMemory request was completed. (0x12B)
[1120/205934.399:ERROR:process_memory_win.cc(73)] ReadMemory at 0x25c825c6720 of 64 bytes failed: Only part of a ReadProcessMemory or WriteProcessMemory request was completed. (0x12B)
[1120/205934.399:ERROR:process_memory_win.cc(73)] ReadMemory at 0x25c825c68e0 of 132 bytes failed: Only part of a ReadProcessMemory or WriteProcessMemory request was completed. (0x12B)
[1120/205934.399:ERROR:process_memory_win.cc(73)] ReadMemory at 0x25c825c6b80 of 132 bytes failed: Only part of a ReadProcessMemory or WriteProcessMemory request was completed. (0x12B)
[1120/205934.400:ERROR:process_memory_win.cc(73)] ReadMemory at 0x25c825c6d10 of 68 bytes failed: Only part of a ReadProcessMemory or WriteProcessMemory request was completed. (0x12B)
[1120/205934.400:ERROR:process_memory_win.cc(73)] ReadMemory at 0x25c825c7dc0 of 132 bytes failed: Only part of a ReadProcessMemory or WriteProcessMemory request was completed. (0x12B)
[1120/205934.400:ERROR:process_memory_win.cc(73)] ReadMemory at 0x25c825c7f50 of 154 bytes failed: Only part of a ReadProcessMemory or WriteProcessMemory request was completed. (0x12B)
[1120/205934.400:ERROR:process_memory_win.cc(73)] ReadMemory at 0x25c825c8c50 of 62 bytes failed: Only part of a ReadProcessMemory or WriteProcessMemory request was completed. (0x12B)
[1120/205934.400:ERROR:process_memory_win.cc(73)] ReadMemory at 0x25c825c8db0 of 132 bytes failed: Only part of a ReadProcessMemory or WriteProcessMemory request was completed. (0x12B)
[1120/205934.400:ERROR:process_memory_win.cc(73)] ReadMemory at 0x25c825c8f40 of 60 bytes failed: Only part of a ReadProcessMemory or WriteProcessMemory request was completed. (0x12B)
[1120/205934.400:ERROR:process_memory_win.cc(73)] ReadMemory at 0x25c825da650 of 80 bytes failed: Only part of a ReadProcessMemory or WriteProcessMemory request was completed. (0x12B)
[1120/205934.400:ERROR:process_memory_win.cc(73)] ReadMemory at 0x25c825dc360 of 146 bytes failed: Only part of a ReadProcessMemory or WriteProcessMemory request was completed. (0x12B)
[1120/205934.400:ERROR:process_memory_win.cc(73)] ReadMemory at 0x25c825dc450 of 132 bytes failed: Only part of a ReadProcessMemory or WriteProcessMemory request was completed. (0x12B)
[1120/205934.401:ERROR:process_memory_win.cc(73)] ReadMemory at 0x25c825dc7d0 of 132 bytes failed: Only part of a ReadProcessMemory or WriteProcessMemory request was completed. (0x12B)
[1120/205934.401:ERROR:process_memory_win.cc(73)] ReadMemory at 0x25c825dcbe0 of 132 bytes failed: Only part of a ReadProcessMemory or WriteProcessMemory request was completed. (0x12B)
[1120/205934.401:ERROR:process_memory_win.cc(73)] ReadMemory at 0x25c825dcf40 of 132 bytes failed: Only part of a ReadProcessMemory or WriteProcessMemory request was completed. (0x12B)
[1120/205934.401:ERROR:process_memory_win.cc(73)] ReadMemory at 0x25c825dd1d0 of 132 bytes failed: Only part of a ReadProcessMemory or WriteProcessMemory request was completed. (0x12B)
[1120/205934.401:ERROR:process_memory_win.cc(73)] ReadMemory at 0x25c825df320 of 132 bytes failed: Only part of a ReadProcessMemory or WriteProcessMemory request was completed. (0x12B)
[1120/205934.401:ERROR:process_memory_win.cc(73)] ReadMemory at 0x25c825e2cf0 of 54 bytes failed: Only part of a ReadProcessMemory or WriteProcessMemory request was completed. (0x12B)
[1120/205934.402:ERROR:process_memory_win.cc(73)] ReadMemory at 0x25c825e4140 of 132 bytes failed: Only part of a ReadProcessMemory or WriteProcessMemory request was completed. (0x12B)
[1120/205934.402:ERROR:process_memory_win.cc(73)] ReadMemory at 0x25c825e5530 of 132 bytes failed: Only part of a ReadProcessMemory or WriteProcessMemory request was completed. (0x12B)
[1120/205934.402:ERROR:process_memory_win.cc(73)] ReadMemory at 0x25c825e5660 of 132 bytes failed: Only part of a ReadProcessMemory or WriteProcessMemory request was completed. (0x12B)
[1120/205934.402:ERROR:process_memory_win.cc(73)] ReadMemory at 0x25c825e5980 of 132 bytes failed: Only part of a ReadProcessMemory or WriteProcessMemory request was completed. (0x12B)
[1120/205934.474:ERROR:process_memory_win.cc(73)] ReadMemory at 0x25c825e5b90 of 60 bytes failed: Only part of a ReadProcessMemory or WriteProcessMemory request was completed. (0x12B)
[1120/205934.474:ERROR:process_memory_win.cc(73)] ReadMemory at 0x25c825e5be0 of 64 bytes failed: Only part of a ReadProcessMemory or WriteProcessMemory request was completed. (0x12B)
[1120/205934.474:ERROR:process_memory_win.cc(73)] ReadMemory at 0x25c825e5d20 of 66 bytes failed: Only part of a ReadProcessMemory or WriteProcessMemory request was completed. (0x12B)
[1120/205934.475:ERROR:process_memory_win.cc(73)] ReadMemory at 0x25c825e5d70 of 64 bytes failed: Only part of a ReadProcessMemory or WriteProcessMemory request was completed. (0x12B)
[1120/205934.475:ERROR:process_memory_win.cc(73)] ReadMemory at 0x25c825e5dc0 of 62 bytes failed: Only part of a ReadProcessMemory or WriteProcessMemory request was completed. (0x12B)
[1120/205934.475:ERROR:process_memory_win.cc(73)] ReadMemory at 0x25c825e5e10 of 62 bytes failed: Only part of a ReadProcessMemory or WriteProcessMemory request was completed. (0x12B)
[1120/205934.476:ERROR:process_memory_win.cc(73)] ReadMemory at 0x25c825e5f50 of 66 bytes failed: Only part of a ReadProcessMemory or WriteProcessMemory request was completed. (0x12B)
[1120/205934.476:ERROR:process_memory_win.cc(73)] ReadMemory at 0x25c825e5fa0 of 64 bytes failed: Only part of a ReadProcessMemory or WriteProcessMemory request was completed. (0x12B)
[1120/205934.476:ERROR:process_memory_win.cc(73)] ReadMemory at 0x25c825e6040 of 60 bytes failed: Only part of a ReadProcessMemory or WriteProcessMemory request was completed. (0x12B)
[1120/205934.477:ERROR:process_memory_win.cc(73)] ReadMemory at 0x25c825e6090 of 64 bytes failed: Only part of a ReadProcessMemory or WriteProcessMemory request was completed. (0x12B)
[1120/205934.477:ERROR:process_memory_win.cc(73)] ReadMemory at 0x25c825e60e0 of 64 bytes failed: Only part of a ReadProcessMemory or WriteProcessMemory request was completed. (0x12B)
[1120/205934.477:ERROR:process_memory_win.cc(73)] ReadMemory at 0x25c825e6220 of 62 bytes failed: Only part of a ReadProcessMemory or WriteProcessMemory request was completed. (0x12B)
[1120/205934.477:ERROR:process_memory_win.cc(73)] ReadMemory at 0x25c825e6310 of 62 bytes failed: Only part of a ReadProcessMemory or WriteProcessMemory request was completed. (0x12B)
[1120/205934.477:ERROR:process_memory_win.cc(73)] ReadMemory at 0x25c825e63b0 of 60 bytes failed: Only part of a ReadProcessMemory or WriteProcessMemory request was completed. (0x12B)
[1120/205934.478:ERROR:process_memory_win.cc(73)] ReadMemory at 0x25c825e6400 of 62 bytes failed: Only part of a ReadProcessMemory or WriteProcessMemory request was completed. (0x12B)
[1120/205934.478:ERROR:process_memory_win.cc(73)] ReadMemory at 0x25c825e64f0 of 62 bytes failed: Only part of a ReadProcessMemory or WriteProcessMemory request was completed. (0x12B)
[1120/205934.478:ERROR:process_memory_win.cc(73)] ReadMemory at 0x25c825e6540 of 60 bytes failed: Only part of a ReadProcessMemory or WriteProcessMemory request was completed. (0x12B)
[1120/205934.478:ERROR:process_memory_win.cc(73)] ReadMemory at 0x25c825e6590 of 60 bytes failed: Only part of a ReadProcessMemory or WriteProcessMemory request was completed. (0x12B)
[1120/205934.479:ERROR:process_memory_win.cc(73)] ReadMemory at 0x25c825e6630 of 64 bytes failed: Only part of a ReadProcessMemory or WriteProcessMemory request was completed. (0x12B)
[1120/205934.479:ERROR:process_memory_win.cc(73)] ReadMemory at 0x25c825e66d0 of 64 bytes failed: Only part of a ReadProcessMemory or WriteProcessMemory request was completed. (0x12B)
[1120/205934.479:ERROR:process_memory_win.cc(73)] ReadMemory at 0x25c825e6770 of 62 bytes failed: Only part of a ReadProcessMemory or WriteProcessMemory request was completed. (0x12B)
[1120/205934.479:ERROR:process_memory_win.cc(73)] ReadMemory at 0x25c825e67c0 of 62 bytes failed: Only part of a ReadProcessMemory or WriteProcessMemory request was completed. (0x12B)
[1120/205934.479:ERROR:process_memory_win.cc(73)] ReadMemory at 0x25c825e6860 of 62 bytes failed: Only part of a ReadProcessMemory or WriteProcessMemory request was completed. (0x12B)
[1120/205934.480:ERROR:process_memory_win.cc(73)] ReadMemory at 0x25c825e68b0 of 64 bytes failed: Only part of a ReadProcessMemory or WriteProcessMemory request was completed. (0x12B)
[1120/205934.480:ERROR:process_memory_win.cc(73)] ReadMemory at 0x25c825e69a0 of 60 bytes failed: Only part of a ReadProcessMemory or WriteProcessMemory request was completed. (0x12B)
[1120/205934.480:ERROR:process_memory_win.cc(73)] ReadMemory at 0x25c825e6a40 of 62 bytes failed: Only part of a ReadProcessMemory or WriteProcessMemory request was completed. (0x12B)
[1120/205934.480:ERROR:process_memory_win.cc(73)] ReadMemory at 0x25c825e6ae0 of 58 bytes failed: Only part of a ReadProcessMemory or WriteProcessMemory request was completed. (0x12B)
[1120/205934.481:ERROR:process_memory_win.cc(73)] ReadMemory at 0x25c825e74b0 of 132 bytes failed: Only part of a ReadProcessMemory or WriteProcessMemory request was completed. (0x12B)
[1120/205934.481:ERROR:process_memory_win.cc(73)] ReadMemory at 0x25c825e75e0 of 132 bytes failed: Only part of a ReadProcessMemory or WriteProcessMemory request was completed. (0x12B)
[1120/205934.481:ERROR:process_memory_win.cc(73)] ReadMemory at 0x25c825e7710 of 132 bytes failed: Only part of a ReadProcessMemory or WriteProcessMemory request was completed. (0x12B)
[1120/205934.481:ERROR:process_memory_win.cc(73)] ReadMemory at 0x25c825e7840 of 132 bytes failed: Only part of a ReadProcessMemory or WriteProcessMemory request was completed. (0x12B)
[1120/205934.481:ERROR:process_memory_win.cc(73)] ReadMemory at 0x25c825e7970 of 132 bytes failed: Only part of a ReadProcessMemory or WriteProcessMemory request was completed. (0x12B)
[1120/205934.482:ERROR:process_memory_win.cc(73)] ReadMemory at 0x25c825e7aa0 of 132 bytes failed: Only part of a ReadProcessMemory or WriteProcessMemory request was completed. (0x12B)
[1120/205934.482:ERROR:process_memory_win.cc(73)] ReadMemory at 0x25c825e7bd0 of 132 bytes failed: Only part of a ReadProcessMemory or WriteProcessMemory request was completed. (0x12B)
[1120/205934.482:ERROR:process_memory_win.cc(73)] ReadMemory at 0x25c825e7e30 of 132 bytes failed: Only part of a ReadProcessMemory or WriteProcessMemory request was completed. (0x12B)
[1120/205934.482:ERROR:process_memory_win.cc(73)] ReadMemory at 0x25c825e7f60 of 132 bytes failed: Only part of a ReadProcessMemory or WriteProcessMemory request was completed. (0x12B)
[1120/205934.482:ERROR:process_memory_win.cc(73)] ReadMemory at 0x25c825e8090 of 132 bytes failed: Only part of a ReadProcessMemory or WriteProcessMemory request was completed. (0x12B)
[1120/205934.483:ERROR:process_memory_win.cc(73)] ReadMemory at 0x25c825e81c0 of 132 bytes failed: Only part of a ReadProcessMemory or WriteProcessMemory request was completed. (0x12B)
[1120/205934.483:ERROR:process_memory_win.cc(73)] ReadMemory at 0x25c825e82f0 of 132 bytes failed: Only part of a ReadProcessMemory or WriteProcessMemory request was completed. (0x12B)
[1120/205934.483:ERROR:process_memory_win.cc(73)] ReadMemory at 0x25c825ec830 of 76 bytes failed: Only part of a ReadProcessMemory or WriteProcessMemory request was completed. (0x12B)
[1120/205934.484:ERROR:process_memory_win.cc(73)] ReadMemory at 0x25c825ec9b0 of 80 bytes failed: Only part of a ReadProcessMemory or WriteProcessMemory request was completed. (0x12B)
[1120/205934.484:ERROR:process_memory_win.cc(73)] ReadMemory at 0x25c825ed130 of 132 bytes failed: Only part of a ReadProcessMemory or WriteProcessMemory request was completed. (0x12B)
[1120/205934.484:ERROR:process_memory_win.cc(73)] ReadMemory at 0x25c825ed260 of 132 bytes failed: Only part of a ReadProcessMemory or WriteProcessMemory request was completed. (0x12B)
[1120/205934.484:ERROR:process_memory_win.cc(73)] ReadMemory at 0x25c825ed4c0 of 132 bytes failed: Only part of a ReadProcessMemory or WriteProcessMemory request was completed. (0x12B)
[1120/205934.485:ERROR:process_memory_win.cc(73)] ReadMemory at 0x25c825edd10 of 132 bytes failed: Only part of a ReadProcessMemory or WriteProcessMemory request was completed. (0x12B)
[1120/205934.485:ERROR:process_memory_win.cc(73)] ReadMemory at 0x25c825edf70 of 132 bytes failed: Only part of a ReadProcessMemory or WriteProcessMemory request was completed. (0x12B)
[1120/205934.485:ERROR:process_memory_win.cc(73)] ReadMemory at 0x25c825ee0a0 of 132 bytes failed: Only part of a ReadProcessMemory or WriteProcessMemory request was completed. (0x12B)
[1120/205934.486:ERROR:process_memory_win.cc(73)] ReadMemory at 0x25c825ee1d0 of 132 bytes failed: Only part of a ReadProcessMemory or WriteProcessMemory request was completed. (0x12B)
[1120/205934.486:ERROR:process_memory_win.cc(73)] ReadMemory at 0x25c825ee430 of 132 bytes failed: Only part of a ReadProcessMemory or WriteProcessMemory request was completed. (0x12B)
[1120/205934.487:ERROR:process_memory_win.cc(73)] ReadMemory at 0x25c825ee690 of 132 bytes failed: Only part of a ReadProcessMemory or WriteProcessMemory request was completed. (0x12B)
[1120/205934.487:ERROR:process_memory_win.cc(73)] ReadMemory at 0x25c825eedb0 of 132 bytes failed: Only part of a ReadProcessMemory or WriteProcessMemory request was completed. (0x12B)
[1120/205934.487:ERROR:process_memory_win.cc(73)] ReadMemory at 0x25c8263b920 of 512 bytes failed: Only part of a ReadProcessMemory or WriteProcessMemory request was completed. (0x12B)
[1120/205934.487:ERROR:process_memory_win.cc(73)] ReadMemory at 0x25c8263bc50 of 512 bytes failed: Only part of a ReadProcessMemory or WriteProcessMemory request was completed. (0x12B)
[1120/205934.488:ERROR:process_memory_win.cc(73)] ReadMemory at 0x25c82655ce0 of 512 bytes failed: Only part of a ReadProcessMemory or WriteProcessMemory request was completed. (0x12B)
[1120/205934.488:ERROR:process_memory_win.cc(73)] ReadMemory at 0x25c82659280 of 512 bytes failed: Only part of a ReadProcessMemory or WriteProcessMemory request was completed. (0x12B)
[1120/205934.488:ERROR:process_memory_win.cc(73)] ReadMemory at 0x25c826612c0 of 512 bytes failed: Only part of a ReadProcessMemory or WriteProcessMemory request was completed. (0x12B)
[1120/205934.488:ERROR:process_memory_win.cc(73)] ReadMemory at 0x25c82665ba0 of 512 bytes failed: Only part of a ReadProcessMemory or WriteProcessMemory request was completed. (0x12B)
[1120/205934.489:ERROR:process_memory_win.cc(73)] ReadMemory at 0x25c82670400 of 712 bytes failed: Only part of a ReadProcessMemory or WriteProcessMemory request was completed. (0x12B)
[1120/205934.489:ERROR:process_memory_win.cc(73)] ReadMemory at 0x25c826b4dc0 of 512 bytes failed: Only part of a ReadProcessMemory or WriteProcessMemory request was completed. (0x12B)
[1120/205934.489:ERROR:process_memory_win.cc(73)] ReadMemory at 0x25c84320000 of 384 bytes failed: Only part of a ReadProcessMemory or WriteProcessMemory request was completed. (0x12B)
[1120/205934.490:ERROR:process_memory_win.cc(73)] ReadMemory at 0x25c84373068 of 512 bytes failed: Only part of a ReadProcessMemory or WriteProcessMemory request was completed. (0x12B)
[1120/205934.490:ERROR:process_memory_win.cc(73)] ReadMemory at 0x25c843733c8 of 512 bytes failed: Only part of a ReadProcessMemory or WriteProcessMemory request was completed. (0x12B)
[1120/205934.490:ERROR:process_memory_win.cc(73)] ReadMemory at 0x25c84374898 of 512 bytes failed: Only part of a ReadProcessMemory or WriteProcessMemory request was completed. (0x12B)
[1120/205934.490:ERROR:process_memory_win.cc(73)] ReadMemory at 0x25c84378c16 of 588 bytes failed: Only part of a ReadProcessMemory or WriteProcessMemory request was completed. (0x12B)
[1120/205934.490:ERROR:process_memory_win.cc(73)] ReadMemory at 0x25c843d9c30 of 512 bytes failed: Only part of a ReadProcessMemory or WriteProcessMemory request was completed. (0x12B)
[1120/205934.490:ERROR:process_memory_win.cc(73)] ReadMemory at 0x25c843fbf00 of 512 bytes failed: Only part of a ReadProcessMemory or WriteProcessMemory request was completed. (0x12B)
[1120/205934.490:ERROR:process_memory_win.cc(73)] ReadMemory at 0x25c8440e230 of 512 bytes failed: Only part of a ReadProcessMemory or WriteProcessMemory request was completed. (0x12B)
[1120/205934.491:ERROR:process_memory_win.cc(73)] ReadMemory at 0x25c84510f80 of 512 bytes failed: Only part of a ReadProcessMemory or WriteProcessMemory request was completed. (0x12B)
[1120/205934.491:ERROR:process_memory_win.cc(73)] ReadMemory at 0x25c8453b080 of 512 bytes failed: Only part of a ReadProcessMemory or WriteProcessMemory request was completed. (0x12B)
[1120/205934.491:ERROR:process_memory_win.cc(73)] ReadMemory at 0x25c8454bd90 of 512 bytes failed: Only part of a ReadProcessMemory or WriteProcessMemory request was completed. (0x12B)
[1120/205934.491:ERROR:process_memory_win.cc(73)] ReadMemory at 0x25c8481ff80 of 512 bytes failed: Only part of a ReadProcessMemory or WriteProcessMemory request was completed. (0x12B)
[1120/205934.491:ERROR:process_memory_win.cc(73)] ReadMemory at 0x25c850bf240 of 512 bytes failed: Only part of a ReadProcessMemory or WriteProcessMemory request was completed. (0x12B)
[1120/205934.492:ERROR:process_memory_win.cc(73)] ReadMemory at 0x25c8519f990 of 512 bytes failed: Only part of a ReadProcessMemory or WriteProcessMemory request was completed. (0x12B)
[1120/205934.492:ERROR:process_memory_win.cc(73)] ReadMemory at 0x25c85a24090 of 512 bytes failed: Only part of a ReadProcessMemory or WriteProcessMemory request was completed. (0x12B)
[1120/205934.492:ERROR:process_memory_win.cc(73)] ReadMemory at 0x25c88cdae20 of 512 bytes failed: Only part of a ReadProcessMemory or WriteProcessMemory request was completed. (0x12B)
[1120/205934.492:ERROR:process_memory_win.cc(73)] ReadMemory at 0x25c89dd1530 of 512 bytes failed: Only part of a ReadProcessMemory or WriteProcessMemory request was completed. (0x12B)
[1120/205934.492:ERROR:process_memory_win.cc(73)] ReadMemory at 0x10be00000000 of 384 bytes failed: Only part of a ReadProcessMemory or WriteProcessMemory request was completed. (0x12B)
[1120/205934.493:ERROR:process_memory_win.cc(73)] ReadMemory at 0x10be000c56f3 of 512 bytes failed: Only part of a ReadProcessMemory or WriteProcessMemory request was completed. (0x12B)
[1120/205934.493:ERROR:process_memory_win.cc(73)] ReadMemory at 0x10be08042e61 of 512 bytes failed: Only part of a ReadProcessMemory or WriteProcessMemory request was completed. (0x12B)
[1120/205934.493:ERROR:process_memory_win.cc(73)] ReadMemory at 0x10be08080000 of 384 bytes failed: Only part of a ReadProcessMemory or WriteProcessMemory request was completed. (0x12B)
[1120/205934.493:ERROR:process_memory_win.cc(73)] ReadMemory at 0x10be080849c9 of 512 bytes failed: Only part of a ReadProcessMemory or WriteProcessMemory request was completed. (0x12B)
[1120/205934.493:ERROR:process_memory_win.cc(73)] ReadMemory at 0x10be0808a828 of 512 bytes failed: Only part of a ReadProcessMemory or WriteProcessMemory request was completed. (0x12B)
[1120/205934.494:ERROR:process_memory_win.cc(73)] ReadMemory at 0x10be08f6f4e1 of 512 bytes failed: Only part of a ReadProcessMemory or WriteProcessMemory request was completed. (0x12B)
[1120/205934.494:ERROR:process_memory_win.cc(73)] ReadMemory at 0x10be091fff80 of 512 bytes failed: Only part of a ReadProcessMemory or WriteProcessMemory request was completed. (0x12B)
[1120/205934.494:ERROR:process_memory_win.cc(73)] ReadMemory at 0x10be0920796d of 512 bytes failed: Only part of a ReadProcessMemory or WriteProcessMemory request was completed. (0x12B)
[1120/205934.494:ERROR:process_memory_win.cc(73)] ReadMemory at 0x10be09218f90 of 512 bytes failed: Only part of a ReadProcessMemory or WriteProcessMemory request was completed. (0x12B)
[1120/205934.494:ERROR:process_memory_win.cc(73)] ReadMemory at 0x10be094affcd of 531 bytes failed: Only part of a ReadProcessMemory or WriteProcessMemory request was completed. (0x12B)
[1120/205934.494:ERROR:process_memory_win.cc(73)] ReadMemory at 0x10be09551c49 of 512 bytes failed: Only part of a ReadProcessMemory or WriteProcessMemory request was completed. (0x12B)
[1120/205934.495:ERROR:process_memory_win.cc(73)] ReadMemory at 0x10be0b6347ed of 512 bytes failed: Only part of a ReadProcessMemory or WriteProcessMemory request was completed. (0x12B)
[1120/205934.495:ERROR:process_memory_win.cc(73)] ReadMemory at 0x10be0fa12719 of 512 bytes failed: Only part of a ReadProcessMemory or WriteProcessMemory request was completed. (0x12B)
[1120/205934.495:ERROR:process_memory_win.cc(73)] ReadMemory at 0x75b3ee1679d8 of 512 bytes failed: Only part of a ReadProcessMemory or WriteProcessMemory request was completed. (0x12B)
[1120/205934.496:ERROR:process_memory_win.cc(73)] ReadMemory at 0x78baa1a74fc8 of 512 bytes failed: Only part of a ReadProcessMemory or WriteProcessMemory request was completed. (0x12B)
[1120/205934.496:ERROR:process_memory_win.cc(73)] ReadMemory at 0x7fff9bf105dd of 512 bytes failed: Only part of a ReadProcessMemory or WriteProcessMemory request was completed. (0x12B)
[1120/205934.496:ERROR:process_memory_win.cc(73)] ReadMemory at 0x7fff9bf11414 of 512 bytes failed: Only part of a ReadProcessMemory or WriteProcessMemory request was completed. (0x12B)
[1120/205934.496:ERROR:process_memory_win.cc(73)] ReadMemory at 0x7fff9c7f8ea0 of 512 bytes failed: Only part of a ReadProcessMemory or WriteProcessMemory request was completed. (0x12B)
[1120/205934.496:ERROR:process_memory_win.cc(73)] ReadMemory at 0x7fffba025810 of 512 bytes failed: Only part of a ReadProcessMemory or WriteProcessMemory request was completed. (0x12B)
[1120/205934.497:ERROR:process_memory_win.cc(73)] ReadMemory at 0x7fffba025ed7 of 512 bytes failed: Only part of a ReadProcessMemory or WriteProcessMemory request was completed. (0x12B)
[1120/205934.497:ERROR:process_memory_win.cc(73)] ReadMemory at 0x7fffefa81f80 of 512 bytes failed: Only part of a ReadProcessMemory or WriteProcessMemory request was completed. (0x12B)
[1120/205934.521:ERROR:process_memory_win.cc(73)] ReadMemory at 0x7ffff0c1c074 of 672 bytes failed: Only part of a ReadProcessMemory or WriteProcessMemory request was completed. (0x12B)
[1120/205934.521:ERROR:process_memory_win.cc(73)] ReadMemory at 0x7ffff0c1f924 of 608 bytes failed: Only part of a ReadProcessMemory or WriteProcessMemory request was completed. (0x12B)
[1120/205934.521:ERROR:process_memory_win.cc(73)] ReadMemory at 0x7ffff0cac428 of 18 bytes failed: Only part of a ReadProcessMemory or WriteProcessMemory request was completed. (0x12B)
[1120/205934.522:ERROR:process_memory_win.cc(73)] ReadMemory at 0x7ffff0cdf4f8 of 40 bytes failed: Only part of a ReadProcessMemory or WriteProcessMemory request was completed. (0x12B)
[1120/205934.522:ERROR:process_memory_win.cc(73)] ReadMemory at 0x7ffff0cdf978 of 48 bytes failed: Only part of a ReadProcessMemory or WriteProcessMemory request was completed. (0x12B)
[1120/205934.522:ERROR:process_memory_win.cc(73)] ReadMemory at 0x7ffff0ce53c0 of 64 bytes failed: Only part of a ReadProcessMemory or WriteProcessMemory request was completed. (0x12B)
[1120/205934.529:ERROR:scoped_process_suspend.cc(40)] NtResumeProcess: An attempt was made to access an exiting process. (0xc000010a)
[1120/205934.588:ERROR:filesystem_win.cc(129)] GetFileAttributes C:\Users\Monda\AppData\Local\Google\Chrome\User Data\Crashpad\attachments\32bde32a-0c8c-42b7-9491-f5f7cce875d6: The system cannot find the path specified. (0x3)
[1206/213538.130:ERROR:directory_reader_win.cc(43)] FindFirstFile: The system cannot find the path specified. (0x3)
[1216/213124.375:ERROR:directory_reader_win.cc(43)] FindFirstFile: The system cannot find the path specified. (0x3)
[1217/210136.085:ERROR:directory_reader_win.cc(43)] FindFirstFile: The system cannot find the path specified. (0x3)
[1218/161754.082:ERROR:directory_reader_win.cc(43)] FindFirstFile: The system cannot find the path specified. (0x3)
